<?xml version="1.0" encoding="UTF-8"?>
<testng-results ignored="0" total="1" passed="1" failed="0" skipped="0">
  <reporter-output>
  </reporter-output>
  <suite started-at="2024-05-25T16:21:34 IST" name="Surefire suite" finished-at="2024-05-25T16:23:25 IST" duration-ms="110680">
    <groups>
    </groups>
    <test started-at="2024-05-25T16:21:34 IST" name="Surefire test" finished-at="2024-05-25T16:23:25 IST" duration-ms="110680">
      <class name="driverFactory.AppTest">
        <test-method signature="kickstart()[pri:0, instance:driverFactory.AppTest@3bd40a57]" started-at="2024-05-25T16:21:34 IST" name="kickstart" finished-at="2024-05-25T16:23:25 IST" duration-ms="110561" status="PASS">
          <reporter-output>
          </reporter-output>
        </test-method> <!-- kickstart -->
      </class> <!-- driverFactory.AppTest -->
    </test> <!-- Surefire test -->
  </suite> <!-- Surefire suite -->
</testng-results>
